<?xml version="1.0" encoding="UTF-8"?>
<!-- Generated by org.testng.reporters.JUnitReportReporter -->
<testsuite skipped="0" hostname="DESKTOP-NNKP2EV" name="com.wbl.WblBookDownload" tests="1" failures="0" timestamp="24 Jan 2020 20:28:08 GMT" time="14.287" errors="0">
  <testcase name="bookDownload" time="14.287" classname="com.wbl.WblBookDownload"/>
</testsuite> <!-- com.wbl.WblBookDownload -->
